D:\dev\eco os\Eco.Lab3\AssemblyFiles\Windows\VisualStudio_10\Eco.Lab1\DynamicDebug\1F5DF16EE1BF43B999A434ED38FE8F3A.dll.intermediate.manifest
D:\dev\eco os\Eco.Lab3\AssemblyFiles\Windows\VisualStudio_10\Eco.Lab1\DynamicDebug\1F5DF16EE1BF43B999A434ED38FE8F3A.exp
D:\dev\eco os\Eco.Lab3\AssemblyFiles\Windows\VisualStudio_10\Eco.Lab1\DynamicDebug\1F5DF16EE1BF43B999A434ED38FE8F3A.lib
D:\dev\eco os\Eco.Lab3\AssemblyFiles\Windows\VisualStudio_10\Eco.Lab1\DynamicDebug\1F5DF16EE1BF43B999A434ED38FE8F3A.pdb
D:\DEV\ECO OS\ECO.LAB3\ASSEMBLYFILES\WINDOWS\VISUALSTUDIO_10\ECO.LAB1\DYNAMICDEBUG\CECOLAB1.OBJ
D:\DEV\ECO OS\ECO.LAB3\ASSEMBLYFILES\WINDOWS\VISUALSTUDIO_10\ECO.LAB1\DYNAMICDEBUG\CECOLAB1CONNECTIONPOINT.OBJ
D:\DEV\ECO OS\ECO.LAB3\ASSEMBLYFILES\WINDOWS\VISUALSTUDIO_10\ECO.LAB1\DYNAMICDEBUG\CECOLAB1ENUMCONNECTIONPOINTS.OBJ
D:\DEV\ECO OS\ECO.LAB3\ASSEMBLYFILES\WINDOWS\VISUALSTUDIO_10\ECO.LAB1\DYNAMICDEBUG\CECOLAB1ENUMCONNECTIONS.OBJ
D:\DEV\ECO OS\ECO.LAB3\ASSEMBLYFILES\WINDOWS\VISUALSTUDIO_10\ECO.LAB1\DYNAMICDEBUG\CECOLAB1FACTORY.OBJ
D:\dev\eco os\Eco.Lab3\AssemblyFiles\Windows\VisualStudio_10\Eco.Lab1\DynamicDebug\cl.command.1.tlog
D:\dev\eco os\Eco.Lab3\AssemblyFiles\Windows\VisualStudio_10\Eco.Lab1\DynamicDebug\CL.read.1.tlog
D:\dev\eco os\Eco.Lab3\AssemblyFiles\Windows\VisualStudio_10\Eco.Lab1\DynamicDebug\CL.write.1.tlog
D:\dev\eco os\Eco.Lab3\AssemblyFiles\Windows\VisualStudio_10\Eco.Lab1\DynamicDebug\Eco.Lab1.write.1.tlog
D:\dev\eco os\Eco.Lab3\AssemblyFiles\Windows\VisualStudio_10\Eco.Lab1\DynamicDebug\link.command.1.tlog
D:\dev\eco os\Eco.Lab3\AssemblyFiles\Windows\VisualStudio_10\Eco.Lab1\DynamicDebug\link.read.1.tlog
D:\dev\eco os\Eco.Lab3\AssemblyFiles\Windows\VisualStudio_10\Eco.Lab1\DynamicDebug\link.write.1.tlog
D:\dev\eco os\Eco.Lab3\AssemblyFiles\Windows\VisualStudio_10\Eco.Lab1\DynamicDebug\mt.command.1.tlog
D:\dev\eco os\Eco.Lab3\AssemblyFiles\Windows\VisualStudio_10\Eco.Lab1\DynamicDebug\mt.read.1.tlog
D:\dev\eco os\Eco.Lab3\AssemblyFiles\Windows\VisualStudio_10\Eco.Lab1\DynamicDebug\mt.write.1.tlog
D:\dev\eco os\Eco.Lab3\AssemblyFiles\Windows\VisualStudio_10\Eco.Lab1\DynamicDebug\vc100.idb
D:\DEV\ECO OS\ECO.LAB3\ASSEMBLYFILES\WINDOWS\VISUALSTUDIO_10\ECO.LAB1\DYNAMICDEBUG\VC100.PDB
D:\DEV\ECO OS\ECO.LAB3\BUILDFILES\WINDOWS\X86\DYNAMICDEBUG\1F5DF16EE1BF43B999A434ED38FE8F3A.DLL
