Build started 07.10.2025 20:43:43.
     1>Project "D:\dev\eco os\Eco.Lab1_20250409\Eco.Lab1\AssemblyFiles\Windows\VisualStudio_10\Eco.Lab1.vcxproj" on node 2 (build target(s)).
     1>InitializeBuildStatus:
         Creating "Eco.Lab1\StaticDebug\Eco.Lab1.unsuccessfulbuild" because "AlwaysCreate" was specified.
       ClCompile:
         D:\dev\Microsoft Visual Studio 10.0\VC\bin\CL.exe /c /I..\..\..\HeaderFiles /I..\..\..\SharedFiles /I"D:\dev\eco os\Eco.Framework_20250429\Eco.Core1\SharedFiles" /I"D:\dev\eco os\Eco.Framework_20250429\Eco.InterfaceBus1\SharedFiles" /I"D:\dev\eco os\Eco.Framework_20250429\Eco.System1\SharedFiles" /I"D:\dev\eco os\Eco.Framework_20250429\Eco.MemoryManager1\SharedFiles" /I"D:\dev\eco os\Eco.Framework_20250429\Eco.FileSystemManagement1\SharedFiles" /I"D:\dev\eco os\Eco.Framework_20250429\Eco.List1\SharedFiles" /ZI /nologo /W3 /WX- /Od /Oy- /D WIN32 /D _DEBUG /D _WINDOWS /D ECO_WINDOWS /D ECO_WIN32 /D ECO_X86_32 /D UGUID_UTILITY /D ECO_LIB /D _UNICODE /D UNICODE /Gm /EHsc /RTC1 /MTd /GS /fp:precise /Zc:wchar_t /Zc:forScope /Fo"Eco.Lab1\StaticDebug\\" /Fd"Eco.Lab1\StaticDebug\vc100.pdb" /Gz /TC /analyze- /errorReport:prompt ..\..\..\SourceFiles\CEcoLab1.c ..\..\..\SourceFiles\CEcoLab1Factory.c
         CEcoLab1Factory.c
         CEcoLab1.c
     1>d:\dev\eco os\eco.lab1_20250409\eco.lab1\sourcefiles\cecolab1.c(130): warning C4018: '<' : signed/unsigned mismatch
         Generating Code...
     1>C:\Program Files (x86)\MSBuild\Microsoft.Cpp\v4.0\Microsoft.CppBuild.targets(1151,5): warning MSB8012: TargetPath(D:\dev\eco os\Eco.Lab1_20250409\Eco.Lab1\AssemblyFiles\Windows\VisualStudio_10\Eco.Lab1\StaticDebug\1F5DF16EE1BF43B999A434ED38FE8F3A.lib) does not match the Library's OutputFile property value (D:\dev\eco os\Eco.Lab1_20250409\Eco.Lab1\BuildFiles\Windows\x86\StaticDebug\1F5DF16EE1BF43B999A434ED38FE8F3A.lib). This may cause your project to build incorrectly. To correct this, please make sure that $(OutDir), $(TargetName) and $(TargetExt) property values match the value specified in %(Lib.OutputFile).
       Lib:
         D:\dev\Microsoft Visual Studio 10.0\VC\bin\Lib.exe /OUT:"..\..\..\BuildFiles\Windows\x86\StaticDebug\1F5DF16EE1BF43B999A434ED38FE8F3A.lib" /NOLOGO Eco.Lab1\StaticDebug\CEcoLab1.obj
         Eco.Lab1\StaticDebug\CEcoLab1Factory.obj
         Eco.Lab1.vcxproj -> D:\dev\eco os\Eco.Lab1_20250409\Eco.Lab1\AssemblyFiles\Windows\VisualStudio_10\Eco.Lab1\StaticDebug\1F5DF16EE1BF43B999A434ED38FE8F3A.lib
       FinalizeBuildStatus:
         Deleting file "Eco.Lab1\StaticDebug\Eco.Lab1.unsuccessfulbuild".
         Touching "Eco.Lab1\StaticDebug\Eco.Lab1.lastbuildstate".
     1>Done Building Project "D:\dev\eco os\Eco.Lab1_20250409\Eco.Lab1\AssemblyFiles\Windows\VisualStudio_10\Eco.Lab1.vcxproj" (build target(s)).

Build succeeded.

Time Elapsed 00:00:00.38
